d:\c++\c++ project\c++ project\x64\debug\vc143.pdb
d:\c++\c++ project\c++ project\x64\debug\vc143.idb
d:\c++\c++ project\c++ project\x64\debug\class.obj
d:\c++\c++ project\c++ project\x64\debug\backjun1_1.obj
d:\c++\c++ project\c++ project\x64\debug\class_03_08.obj
d:\c++\c++ project\c++ project\x64\debug\backjun1_2.obj
d:\c++\c++ project\c++ project\x64\debug\backjun1_3.obj
d:\c++\c++ project\c++ project\x64\debug\backjun1_4.obj
d:\c++\c++ project\c++ project\x64\debug\backjun1_5.obj
d:\c++\c++ project\c++ project\x64\debug\class_03_13.obj
d:\c++\c++ project\c++ project\x64\debug\class_03_11.obj
d:\c++\c++ project\c++ project\x64\debug\backjun 3_1.obj
d:\c++\c++ project\c++ project\x64\debug\230311_4_1_backjun_.obj
d:\c++\c++ project\c++ project\x64\debug\자주사용하는 단축키.obj
d:\c++\c++ project\c++ project\x64\debug\class_03_15.obj
d:\c++\c++ project\c++ project\x64\debug\backjun3_2.obj
d:\c++\c++ project\c++ project\x64\debug\backjun 4_3.obj
d:\c++\c++ project\c++ project\x64\debug\class_function.obj
d:\c++\c++ project\x64\debug\c++ project.exe
d:\c++\c++ project\c++ project\x64\debug\c++ project.ilk
d:\c++\c++ project\x64\debug\c++ project.pdb
d:\c++\c++ project\c++ project\x64\debug\자주사용하는 단축키.obj.enc
d:\c++\c++ project\c++ project\x64\debug\c++ project.tlog\cl.command.1.tlog
d:\c++\c++ project\c++ project\x64\debug\c++ project.tlog\cl.read.1.tlog
d:\c++\c++ project\c++ project\x64\debug\c++ project.tlog\cl.write.1.tlog
d:\c++\c++ project\c++ project\x64\debug\c++ project.tlog\link.command.1.tlog
d:\c++\c++ project\c++ project\x64\debug\c++ project.tlog\link.read.1.tlog
d:\c++\c++ project\c++ project\x64\debug\c++ project.tlog\link.write.1.tlog
